This is pdfTeX, Version 3.141592653-2.6-1.40.25 (TeX Live 2023/Debian) (preloaded format=pdflatex 2025.12.3)  9 FEB 2026 14:44
entering extended mode
 restricted \write18 enabled.
 %&-line parsing enabled.
**./2026_JFM_baseflow.tex
(./2026_JFM_baseflow.tex
LaTeX2e <2023-11-01> patch level 1
L3 programming layer <2024-01-22>
(./jfm.cls
Document Class: jfm 2006/11/13 v1.27 Journal of Fluid Mechanics document class
(/usr/share/texlive/texmf-dist/tex/latex/graphics/graphicx.sty
Package: graphicx 2021/09/16 v1.2d Enhanced LaTeX Graphics (DPC,SPQR)

(/usr/share/texlive/texmf-dist/tex/latex/graphics/keyval.sty
Package: keyval 2022/05/29 v1.15 key=value parser (DPC)
\KV@toks@=\toks17
)
(/usr/share/texlive/texmf-dist/tex/latex/graphics/graphics.sty
Package: graphics 2022/03/10 v1.4e Standard LaTeX Graphics (DPC,SPQR)

(/usr/share/texlive/texmf-dist/tex/latex/graphics/trig.sty
Package: trig 2021/08/11 v1.11 sin cos tan (DPC)
)
(/usr/share/texlive/texmf-dist/tex/latex/graphics-cfg/graphics.cfg
File: graphics.cfg 2016/06/04 v1.11 sample graphics configuration
)
Package graphics Info: Driver file: pdftex.def on input line 107.

(/usr/share/texlive/texmf-dist/tex/latex/graphics-def/pdftex.def
File: pdftex.def 2022/09/22 v1.2b Graphics/color driver for pdftex
))
\Gin@req@height=\dimen140
\Gin@req@width=\dimen141
)

LaTeX Font Warning: Font shape `OT1/cmr/m/n' in size <10.5> not available
(Font)              size <10.95> substituted on input line 93.

LaTeX Info: Redefining \textsfbi on input line 182.
LaTeX Font Info:    Redeclaring math alphabet \mathsfbi on input line 182.
LaTeX Font Info:    Overwriting math alphabet `\mathsfbi' in version `normal'
(Font)                  OT1/cmss/m/sl --> T1/phv/b/it on input line 182.
LaTeX Font Info:    Overwriting math alphabet `\mathsfbi' in version `bold'
(Font)                  OT1/cmss/m/sl --> T1/phv/b/it on input line 182.
LaTeX Info: Redefining \textsfbi on input line 186.
LaTeX Font Info:    Redeclaring math alphabet \mathsfbi on input line 186.
LaTeX Font Info:    Overwriting math alphabet `\mathsfbi' in version `normal'
(Font)                  T1/phv/b/it --> OT1/phv/b/it on input line 186.
LaTeX Font Info:    Overwriting math alphabet `\mathsfbi' in version `bold'
(Font)                  T1/phv/b/it --> OT1/phv/b/it on input line 186.
\halflineskip=\skip48
\affilskip=\skip49
\c@part=\count187
\c@section=\count188
\c@subsection=\count189
\c@subsubsection=\count190
\c@paragraph=\count191
\c@refsection=\count192
\@indentskip=\skip50
\smallindent=\skip51
\@footindent=\skip52
\@leftskip=\skip53
\proofbox=\box51
\rpbdim=\skip54
\@stequation=\toks18
\c@subequation=\count193
(/usr/share/texlive/texmf-dist/tex/latex/graphics/color.sty
Package: color 2022/01/06 v1.3d Standard LaTeX Color (DPC)

(/usr/share/texlive/texmf-dist/tex/latex/graphics-cfg/color.cfg
File: color.cfg 2016/01/02 v1.6 sample color configuration
)
Package color Info: Driver file: pdftex.def on input line 149.

(/usr/share/texlive/texmf-dist/tex/latex/graphics/mathcolor.ltx))
(/usr/share/texlive/texmf-dist/tex/latex/caption/caption.sty
Package: caption 2023/08/05 v3.6o Customizing captions (AR)

(/usr/share/texlive/texmf-dist/tex/latex/caption/caption3.sty
Package: caption3 2023/07/31 v2.4d caption3 kernel (AR)
\caption@tempdima=\dimen142
\captionmargin=\dimen143
\caption@leftmargin=\dimen144
\caption@rightmargin=\dimen145
\caption@width=\dimen146
\caption@indent=\dimen147
\caption@parindent=\dimen148
\caption@hangindent=\dimen149
\abovecaptionskip=\skip55
\belowcaptionskip=\skip56
Package caption Info: Document class w/o caption stuff detected.
)
\c@caption@flags=\count194
\c@continuedfloat=\count195
)
\c@table=\count196
\c@figure=\count197
LaTeX Info: Redefining \cite on input line 1205.
\astrutbox=\box52


Found the 'amsbsy' package on the system, using it.

(/usr/share/texlive/texmf-dist/tex/latex/amsmath/amsbsy.sty
Package: amsbsy 1999/11/29 v1.2d Bold Symbols

(/usr/share/texlive/texmf-dist/tex/latex/amsmath/amsgen.sty
File: amsgen.sty 1999/11/30 v2.0 generic functions
\@emptytoks=\toks19
\ex@=\dimen150
)
\pmbraise@=\dimen151
)


Found AMS Euler Roman fonts on the system, using the 'upmath' package.

(./upmath.sty
Package: upmath 1996/10/20 v1.0 CUP LaTeX2e package
\c@mv@upright=\count198
\c@mv@boldupright=\count199
LaTeX Font Info:    Overwriting symbol font `letters' in version `upright'
(Font)                  OML/cmm/m/it --> OML/eur/m/n on input line 65.
LaTeX Font Info:    Overwriting symbol font `letters' in version `boldupright'
(Font)                  OML/cmm/m/it --> OML/eur/b/n on input line 66.
)


Found AMS Symbol fonts on the system, using the 'amssymb' package.

(/usr/share/texlive/texmf-dist/tex/latex/amsfonts/amssymb.sty
Package: amssymb 2013/01/14 v3.01 AMS font symbols

(/usr/share/texlive/texmf-dist/tex/latex/amsfonts/amsfonts.sty
Package: amsfonts 2013/01/14 v3.01 Basic AMSFonts support
\symAMSa=\mathgroup4
\symAMSb=\mathgroup5
LaTeX Font Info:    Redeclaring math symbol \hbar on input line 98.
LaTeX Font Info:    Overwriting math alphabet `\mathfrak' in version `bold'
(Font)                  U/euf/m/n --> U/euf/b/n on input line 106.
))
\c@savesecnumdepth=\count266
)
(/usr/share/texlive/texmf-dist/tex/latex/newtx/newtxtext.sty
Package: newtxtext 2024/01/11 v1.737(Michael Sharpe) latex and unicode latex su
pport for TeXGyreTermesX

`newtxtext' v1.737, 2024/01/11 Text macros taking advantage of TeXGyre Termes a
nd its extensions (msharpe)

! LaTeX Error: File `xpatch.sty' not found.

Type X to quit or <RETURN> to proceed,
or enter new name. (Default extension: sty)

Enter file name: ds
! Interruption.
<to be read again> 
                   }
l.21 \RequirePackage
                    {iftex,xkeyval,etoolbox,textcomp}^^M
? 
! Emergency stop.
<to be read again> 
                   }
l.21 \RequirePackage
                    {iftex,xkeyval,etoolbox,textcomp}^^M
End of file on the terminal!

 
Here is how much of TeX's memory you used:
 3069 strings out of 474222
 47672 string characters out of 5748733
 1922975 words of memory out of 5000000
 25362 multiletter control sequences out of 15000+600000
 558857 words of font info for 39 fonts, out of 8000000 for 9000
 1141 hyphenation exceptions out of 8191
 72i,8n,79p,266b,93s stack positions out of 10000i,1000n,20000p,200000b,200000s
!  ==> Fatal error occurred, no output PDF file produced!
